Reading netlist file: "D:\Gowin_Folder\Projects\freq_meter_calc_2\impl\gwsynthesis\freq_meter_calc_2.vg"
Parsing netlist file "D:\Gowin_Folder\Projects\freq_meter_calc_2\impl\gwsynthesis\freq_meter_calc_2.vg" completed
Processing netlist completed
Reading constraint file: "D:\Gowin_Folder\Projects\freq_meter_calc_2\src\freq_meter_calc_2.cst"
Physical Constraint parsed completed
Running placement......
[10%] Placement Phase 0 completed
[20%] Placement Phase 1 completed
[30%] Placement Phase 2 completed
WARN  (TA1132) :  'clk_test' was determined to be a clock but was not created.
[50%] Placement Phase 3 completed
Running routing......
[60%] Routing Phase 0 completed
[70%] Routing Phase 1 completed
[80%] Routing Phase 2 completed
[90%] Routing Phase 3 completed
Running timing analysis......
[95%] Timing analysis completed
Placement and routing completed
Bitstream generation in progress......
Bitstream generation completed
Running power analysis......
[100%] Power analysis completed
Generate file "D:\Gowin_Folder\Projects\freq_meter_calc_2\impl\pnr\freq_meter_calc_2.power.html" completed
Generate file "D:\Gowin_Folder\Projects\freq_meter_calc_2\impl\pnr\freq_meter_calc_2.pin.html" completed
Generate file "D:\Gowin_Folder\Projects\freq_meter_calc_2\impl\pnr\freq_meter_calc_2.rpt.html" completed
Generate file "D:\Gowin_Folder\Projects\freq_meter_calc_2\impl\pnr\freq_meter_calc_2.rpt.txt" completed
Generate file "D:\Gowin_Folder\Projects\freq_meter_calc_2\impl\pnr\freq_meter_calc_2.tr.html" completed
Wed Nov  5 20:24:29 2025

