GowinSynthesis start
Running parser ...
Analyzing Verilog file 'D:\Gowin_Folder\Projects\freq_meter_calc_2\src\TOP.v'
WARN  (EX3792) : Literal value 'd50_000_000 truncated to fit in 24 bits("D:\Gowin_Folder\Projects\freq_meter_calc_2\src\TOP.v":54)
Analyzing Verilog file 'D:\Gowin_Folder\Projects\freq_meter_calc_2\src\freq_meter_calc.v'
Analyzing Verilog file 'D:\Gowin_Folder\Projects\freq_meter_calc_2\src\gowin_pll\gowin_pll.v'
Analyzing Verilog file 'D:\Gowin_Folder\Projects\freq_meter_calc_2\src\uart_freq_sender.v'
WARN  (EX3073) : Port 'debug_state' remains unconnected for this instance("D:\Gowin_Folder\Projects\freq_meter_calc_2\src\TOP.v":44)
Compiling module 'top_freq_meter'("D:\Gowin_Folder\Projects\freq_meter_calc_2\src\TOP.v":1)
Compiling module 'freq_meter_calc'("D:\Gowin_Folder\Projects\freq_meter_calc_2\src\freq_meter_calc.v":3)
WARN  (EX3791) : Expression size 48 truncated to fit in target size 8("D:\Gowin_Folder\Projects\freq_meter_calc_2\src\freq_meter_calc.v":215)
Compiling module 'Gowin_PLL'("D:\Gowin_Folder\Projects\freq_meter_calc_2\src\gowin_pll\gowin_pll.v":10)
Compiling module 'uart_freq_sender'("D:\Gowin_Folder\Projects\freq_meter_calc_2\src\uart_freq_sender.v":1)
WARN  (EX3791) : Expression size 17 truncated to fit in target size 16("D:\Gowin_Folder\Projects\freq_meter_calc_2\src\uart_freq_sender.v":56)
WARN  (EX3791) : Expression size 5 truncated to fit in target size 4("D:\Gowin_Folder\Projects\freq_meter_calc_2\src\uart_freq_sender.v":151)
WARN  (EX3791) : Expression size 6 truncated to fit in target size 5("D:\Gowin_Folder\Projects\freq_meter_calc_2\src\uart_freq_sender.v":159)
WARN  (EX3791) : Expression size 5 truncated to fit in target size 4("D:\Gowin_Folder\Projects\freq_meter_calc_2\src\uart_freq_sender.v":180)
WARN  (EX1998) : Net 'data_buffer[29][7]' does not have a driver("D:\Gowin_Folder\Projects\freq_meter_calc_2\src\uart_freq_sender.v":42)
WARN  (EX3791) : Expression size 25 truncated to fit in target size 24("D:\Gowin_Folder\Projects\freq_meter_calc_2\src\TOP.v":55)
NOTE  (EX0101) : Current top module is "top_freq_meter"
[5%] Running netlist conversion ...
Running device independent optimization ...
[10%] Optimizing Phase 0 completed
[15%] Optimizing Phase 1 completed
[25%] Optimizing Phase 2 completed
Running inference ...
[30%] Inferring Phase 0 completed
[40%] Inferring Phase 1 completed
[50%] Inferring Phase 2 completed
[55%] Inferring Phase 3 completed
Running technical mapping ...
[60%] Tech-Mapping Phase 0 completed
[65%] Tech-Mapping Phase 1 completed
[75%] Tech-Mapping Phase 2 completed
[80%] Tech-Mapping Phase 3 completed
[90%] Tech-Mapping Phase 4 completed
[95%] Generate netlist file "D:\Gowin_Folder\Projects\freq_meter_calc_2\impl\gwsynthesis\freq_meter_calc_2.vg" completed
[100%] Generate report file "D:\Gowin_Folder\Projects\freq_meter_calc_2\impl\gwsynthesis\freq_meter_calc_2_syn.rpt.html" completed
GowinSynthesis finish
